#
# There is insufficient memory for the Java Runtime Environment to continue.
# Native memory allocation (mmap) failed to map 536870912 bytes for G1 virtual space
# Possible reasons:
#   The system is out of physical RAM or swap space
#   The process is running with CompressedOops enabled, and the Java Heap may be blocking the growth of the native heap
# Possible solutions:
#   Reduce memory load on the system
#   Increase physical memory or swap space
#   Check if swap backing store is full
#   Decrease Java heap size (-Xmx/-Xms)
#   Decrease number of Java threads
#   Decrease Java thread stack sizes (-Xss)
#   Set larger code cache with -XX:ReservedCodeCacheSize=
#   JVM is running with Zero Based Compressed Oops mode in which the Java heap is
#     placed in the first 32GB address space. The Java Heap base address is the
#     maximum limit for the native heap growth. Please use -XX:HeapBaseMinAddress
#     to set the Java Heap base and to place the Java Heap above 32GB virtual address.
# This output file may be truncated or incomplete.
#
#  Out of Memory Error (os_windows.cpp:3760), pid=42368, tid=49348
#
# JRE version:  (17.0.5+1) (build )
# Java VM: OpenJDK 64-Bit Server VM (17.0.5+1-b653.25, mixed mode, sharing, tiered, compressed oops, compressed class ptrs, g1 gc, windows-amd64)
# No core dump will be written. Minidumps are not enabled by default on client versions of Windows
#

---------------  S U M M A R Y ------------

Command Line: git4idea.http.GitAskPassApp Username for 'https://gitlab.com': 

Host: Intel(R) Xeon(R) CPU E5-2689 0 @ 2.60GHz, 16 cores, 31G,  Windows 10 , 64 bit Build 19041 (10.0.19041.2546)
Time: Tue Mar  7 10:58:04 2023 RTZ 2 (s 10 , 64 bit Build 19041 (10.0.19041.2546) elapsed time: 0.013870 seconds (0d 0h 0m 0s)

---------------  T H R E A D  ---------------

Current thread (0x000001c17ac1f3e0):  JavaThread "Unknown thread" [_thread_in_vm, id=49348, stack(0x000000aeb0700000,0x000000aeb0800000)]

Stack: [0x000000aeb0700000,0x000000aeb0800000]
Native frames: (J=compiled Java code, j=interpreted, Vv=VM code, C=native code)
V  [jvm.dll+0x6830ca]
V  [jvm.dll+0x83f4c4]
V  [jvm.dll+0x840c6e]
V  [jvm.dll+0x8412d3]
V  [jvm.dll+0x2490b5]
V  [jvm.dll+0x67ff99]
V  [jvm.dll+0x6744aa]
V  [jvm.dll+0x308f2b]
V  [jvm.dll+0x3103e6]
V  [jvm.dll+0x36013e]
V  [jvm.dll+0x36036f]
V  [jvm.dll+0x2df018]
V  [jvm.dll+0x2dff84]
V  [jvm.dll+0x810d91]
V  [jvm.dll+0x36df31]
V  [jvm.dll+0x7f028c]
V  [jvm.dll+0x3f0cbf]
V  [jvm.dll+0x3f2801]
C  [jli.dll+0x526b]
C  [ucrtbase.dll+0x21bb2]
C  [KERNEL32.DLL+0x17614]
C  [ntdll.dll+0x526a1]


---------------  P R O C E S S  ---------------

Threads class SMR info:
_java_thread_list=0x00007ff94a268f98, length=0, elements={
}

Java Threads: ( => current thread )

Other Threads:
  0x000001c17ec10ba0 GCTaskThread "GC Thread#0" [stack: 0x000000aeb0800000,0x000000aeb0900000] [id=46040]
  0x000001c17ac5b630 ConcurrentGCThread "G1 Main Marker" [stack: 0x000000aeb0900000,0x000000aeb0a00000] [id=54720]
  0x000001c17ac5cbb0 ConcurrentGCThread "G1 Conc#0" [stack: 0x000000aeb0a00000,0x000000aeb0b00000] [id=1636]

[error occurred during error reporting (printing all threads), id 0xc0000005, EXCEPTION_ACCESS_VIOLATION (0xc0000005) at pc=0x00007ff949a1fbd7]

VM state: not at safepoint (not fully initialized)

VM Mutex/Monitor currently owned by a thread:  ([mutex/lock_event])
[0x000001c17ac1a0e0] Heap_lock - owner thread: 0x000001c17ac1f3e0

Heap address: 0x0000000601400000, size: 8172 MB, Compressed Oops mode: Zero based, Oop shift amount: 3

CDS archive(s) mapped at: [0x0000000000000000-0x0000000000000000-0x0000000000000000), size 0, SharedBaseAddress: 0x0000000800000000, ArchiveRelocationMode: 0.
Narrow klass base: 0x0000000000000000, Narrow klass shift: 0, Narrow klass range: 0x0

GC Precious Log:
<Empty>

Heap:
 garbage-first heap   total 0K, used 0K [0x0000000601400000, 0x0000000800000000)
  region size 4096K, 0 young (0K), 0 survivors (0K)

[error occurred during error reporting (printing heap information), id 0xc0000005, EXCEPTION_ACCESS_VIOLATION (0xc0000005) at pc=0x00007ff949e0cd59]

GC Heap History (0 events):
No events

Dll operation events (1 events):
Event: 0.009 Loaded shared library C:\Program Files\JetBrains\PhpStorm 2022.3.2\jbr\bin\java.dll

Deoptimization events (0 events):
No events

Classes unloaded (0 events):
No events

Classes redefined (0 events):
No events

Internal exceptions (0 events):
No events

VM Operations (0 events):
No events

Events (0 events):
No events


Dynamic libraries:
0x00007ff67a4c0000 - 0x00007ff67a4ca000 	C:\Program Files\JetBrains\PhpStorm 2022.3.2\jbr\bin\java.exe
0x00007ff9b0230000 - 0x00007ff9b0428000 	C:\WINDOWS\SYSTEM32\ntdll.dll
0x00007ff9aea40000 - 0x00007ff9aeaff000 	C:\WINDOWS\System32\KERNEL32.DLL
0x00007ff9adde0000 - 0x00007ff9ae0b2000 	C:\WINDOWS\System32\KERNELBASE.dll
0x00007ff9ae0c0000 - 0x00007ff9ae1c0000 	C:\WINDOWS\System32\ucrtbase.dll
0x00007ff99b0e0000 - 0x00007ff99b0f7000 	C:\Program Files\JetBrains\PhpStorm 2022.3.2\jbr\bin\jli.dll
0x00007ff999d50000 - 0x00007ff999d6b000 	C:\Program Files\JetBrains\PhpStorm 2022.3.2\jbr\bin\VCRUNTIME140.dll
0x00007ff9aef80000 - 0x00007ff9af121000 	C:\WINDOWS\System32\USER32.dll
0x00007ff9ad9b0000 - 0x00007ff9ad9d2000 	C:\WINDOWS\System32\win32u.dll
0x00007ff9aed70000 - 0x00007ff9aed9b000 	C:\WINDOWS\System32\GDI32.dll
0x00007ff9adcd0000 - 0x00007ff9adddf000 	C:\WINDOWS\System32\gdi32full.dll
0x00007ff996420000 - 0x00007ff9966ba000 	C:\WINDOWS\WinSxS\amd64_microsoft.windows.common-controls_6595b64144ccf1df_6.0.19041.1110_none_60b5254171f9507e\COMCTL32.dll
0x00007ff9adc30000 - 0x00007ff9adccd000 	C:\WINDOWS\System32\msvcp_win.dll
0x00007ff9aeba0000 - 0x00007ff9aec3e000 	C:\WINDOWS\System32\msvcrt.dll
0x00007ff9ae750000 - 0x00007ff9ae782000 	C:\WINDOWS\System32\IMM32.DLL
0x00007ff9ad5d0000 - 0x00007ff9ad6c7000 	C:\Windows\system32\guard64.dll
0x00007ff9aec60000 - 0x00007ff9aed0e000 	C:\WINDOWS\System32\ADVAPI32.dll
0x00007ff9ae9a0000 - 0x00007ff9aea3c000 	C:\WINDOWS\System32\sechost.dll
0x00007ff9aee50000 - 0x00007ff9aef75000 	C:\WINDOWS\System32\RPCRT4.dll
0x00007ff9ad5c0000 - 0x00007ff9ad5ca000 	C:\WINDOWS\system32\version.dll
0x00007ff9af680000 - 0x00007ff9af7aa000 	C:\WINDOWS\System32\ole32.dll
0x00007ff9af320000 - 0x00007ff9af675000 	C:\WINDOWS\System32\combase.dll
0x00007ff9ad5b0000 - 0x00007ff9ad5bb000 	C:\WINDOWS\system32\fltlib.dll
0x00007ff9aaed0000 - 0x00007ff9aaedc000 	C:\Program Files\JetBrains\PhpStorm 2022.3.2\jbr\bin\vcruntime140_1.dll
0x00007ff983660000 - 0x00007ff9836ed000 	C:\Program Files\JetBrains\PhpStorm 2022.3.2\jbr\bin\msvcp140.dll
0x00007ff949730000 - 0x00007ff94a39b000 	C:\Program Files\JetBrains\PhpStorm 2022.3.2\jbr\bin\server\jvm.dll
0x00007ff979520000 - 0x00007ff979529000 	C:\WINDOWS\SYSTEM32\WSOCK32.dll
0x00007ff9ae930000 - 0x00007ff9ae99b000 	C:\WINDOWS\System32\WS2_32.dll
0x00007ff9a8210000 - 0x00007ff9a8237000 	C:\WINDOWS\SYSTEM32\WINMM.dll
0x00007ff9ac1b0000 - 0x00007ff9ac1c2000 	C:\WINDOWS\SYSTEM32\kernel.appcore.dll
0x00007ff9a9e50000 - 0x00007ff9a9e5a000 	C:\Program Files\JetBrains\PhpStorm 2022.3.2\jbr\bin\jimage.dll
0x00007ff996060000 - 0x00007ff996244000 	C:\WINDOWS\SYSTEM32\DBGHELP.DLL
0x00007ff995b90000 - 0x00007ff995bc5000 	C:\WINDOWS\SYSTEM32\dbgcore.DLL
0x00007ff9ad920000 - 0x00007ff9ad9a2000 	C:\WINDOWS\System32\bcryptPrimitives.dll
0x00007ff9a70c0000 - 0x00007ff9a70e5000 	C:\Program Files\JetBrains\PhpStorm 2022.3.2\jbr\bin\java.dll

dbghelp: loaded successfully - version: 4.0.5 - missing functions: none
symbol engine: initialized successfully - sym options: 0x614 - pdb path: .;C:\Program Files\JetBrains\PhpStorm 2022.3.2\jbr\bin;C:\WINDOWS\SYSTEM32;C:\WINDOWS\WinSxS\amd64_microsoft.windows.common-controls_6595b64144ccf1df_6.0.19041.1110_none_60b5254171f9507e;C:\Program Files\JetBrains\PhpStorm 2022.3.2\jbr\bin\server

VM Arguments:
java_command: git4idea.http.GitAskPassApp Username for 'https://gitlab.com': 
java_class_path (initial): C:/Program Files/JetBrains/PhpStorm 2022.3.2/plugins/vcs-git/lib/git4idea-rt.jar;C:/Program Files/JetBrains/PhpStorm 2022.3.2/lib/externalProcess-rt.jar;C:/Program Files/JetBrains/PhpStorm 2022.3.2/lib/app.jar;C:/Program Files/JetBrains/PhpStorm 2022.3.2/lib/3rd-party-rt.jar
Launcher Type: SUN_STANDARD

[Global flags]
     intx CICompilerCount                          = 12                                        {product} {ergonomic}
     uint ConcGCThreads                            = 3                                         {product} {ergonomic}
     uint G1ConcRefinementThreads                  = 13                                        {product} {ergonomic}
   size_t G1HeapRegionSize                         = 4194304                                   {product} {ergonomic}
    uintx GCDrainStackTargetSize                   = 64                                        {product} {ergonomic}
   size_t InitialHeapSize                          = 536870912                                 {product} {ergonomic}
   size_t MarkStackSize                            = 4194304                                   {product} {ergonomic}
   size_t MaxHeapSize                              = 8568963072                                {product} {ergonomic}
   size_t MinHeapDeltaBytes                        = 4194304                                   {product} {ergonomic}
   size_t MinHeapSize                              = 8388608                                   {product} {ergonomic}
    uintx NonNMethodCodeHeapSize                   = 7602480                                {pd product} {ergonomic}
    uintx NonProfiledCodeHeapSize                  = 122027880                              {pd product} {ergonomic}
    uintx ProfiledCodeHeapSize                     = 122027880                              {pd product} {ergonomic}
    uintx ReservedCodeCacheSize                    = 251658240                              {pd product} {ergonomic}
     bool SegmentedCodeCache                       = true                                      {product} {ergonomic}
   size_t SoftMaxHeapSize                          = 8568963072                             {manageable} {ergonomic}
     bool UseCompressedClassPointers               = true                           {product lp64_product} {ergonomic}
     bool UseCompressedOops                        = true                           {product lp64_product} {ergonomic}
     bool UseG1GC                                  = true                                      {product} {ergonomic}
     bool UseLargePagesIndividualAllocation        = false                                  {pd product} {ergonomic}

Logging:
Log output configuration:
 #0: stdout all=warning uptime,level,tags
 #1: stderr all=off uptime,level,tags

Environment Variables:
PATH=C:/Program Files/Git/mingw64/libexec/git-core;C:/Program Files/Git/mingw64/libexec/git-core;C:\Program Files\Git\mingw64\bin;C:\Program Files\Git\usr\bin;C:\Users\PhpWebSeo\bin;C:\Python310\Scripts\;C:\Python310\;C:\WINDOWS\system32;C:\WINDOWS;C:\WINDOWS\System32\Wbem;C:\WINDOWS\System32\WindowsPowerShell\v1.0\;C:\WINDOWS\System32\OpenSSH\;C:\Program Files (x86)\NVIDIA Corporation\PhysX\Common;C:\Program Files\NVIDIA Corporation\NVIDIA NvDLISR;C:\WINDOWS\system32;C:\WINDOWS;C:\WINDOWS\System32\Wbem;C:\WINDOWS\System32\WindowsPowerShell\v1.0\;C:\WINDOWS\System32\OpenSSH\;C:\Program Files\Git\cmd;C:\ProgramData\chocolatey\bin;C:\ProgramData\ComposerSetup\bin;C:\Program Files\nodejs\;C:\Program Files\MySQL\MySQL Shell 8.0\bin\;D:\OpenServer\modules\php\PHP_7.2;C:\Users\PhpWebSeo\AppData\Local\Microsoft\WindowsApps;C:\Users\PhpWebSeo\AppData\Local\Programs\Microsoft VS Code\bin;C:\Users\PhpWebSeo\AppData\Roaming\Composer\vendor\bin;C:\Users\PhpWebSeo\AppData\Local\atom\bin;C:\Users\PhpWebSeo\AppData\Roaming\npm
USERNAME=PhpWebSeo
DISPLAY=:0.0
LC_ALL=en_US.UTF-8
TERM=xterm-256color
TMPDIR=C:\Users\PhpWebSeo\AppData\Local\Temp
OS=Windows_NT
PROCESSOR_IDENTIFIER=Intel64 Family 6 Model 45 Stepping 7, GenuineIntel
TMP=C:\Users\PhpWebSeo\AppData\Local\Temp
TEMP=C:\Users\PhpWebSeo\AppData\Local\Temp



---------------  S Y S T E M  ---------------

OS:
 Windows 10 , 64 bit Build 19041 (10.0.19041.2546)
OS uptime: 6 days 19:39 hours

CPU: total 16 (initial active 16) (8 cores per cpu, 2 threads per core) family 6 model 45 stepping 7 microcode 0x714, cx8, cmov, fxsr, ht, mmx, sse, sse2, sse3, ssse3, sse4.1, sse4.2, popcnt, tsc, tscinvbit, avx, aes, clmul, vzeroupper, clflush

Memory: 4k page, system-wide physical 32683M (15476M free)
TotalPageFile size 33707M (AvailPageFile size 468M)
current process WorkingSet (physical memory assigned to process): 12M, peak: 12M
current process commit charge ("private bytes"): 72M, peak: 584M

vm_info: OpenJDK 64-Bit Server VM (17.0.5+1-b653.25) for windows-amd64 JRE (17.0.5+1-b653.25), built on 2023-01-04 by "builduser" with MS VC++ 16.10 / 16.11 (VS2019)

END.
